2022-05-07 13:34:02：
Program Type：2
Program Path：E:/Program Files/PyCharm Community Edition 2020.1.1/projects/KnnSort/sort.py
Testing Metamorphic Relation：MR22
Testing Parameter（1-5）：1
Test Case Path：E:/Program Files/PyCharm Community Edition 2020.1.1/projects/KnnSort/Corel-1000
Number of Categories：10

Warning: wandb package cannot be found. The option "--use_wandb" will result in error.
Warning: wandb package cannot be found. The option "--use_wandb" will result in error.
----------------- Options ---------------
             aspect_ratio: 1.0                           
               batch_size: 1                             
          checkpoints_dir: ./checkpoints                 
                crop_size: 256                           
                 dataroot: E:/Program Files/PyCharm Community Edition 2020.1.1/projects/KnnSort/Corel-1000/test/0	[default: None]
             dataset_mode: single                        
                direction: BtoA                          	[default: AtoB]
          display_winsize: 256                           
                    epoch: latest                        
                     eval: False                         
                  gpu_ids: -1                            	[default: 0]
                init_gain: 0.02                          
                init_type: normal                        
                 input_nc: 3                             
                  isTrain: False                         	[default: None]
                load_iter: 0                             	[default: 0]
                load_size: 256                           
         max_dataset_size: inf                           
                    model: test                          
             model_suffix:                               
               n_layers_D: 3                             
                     name: day2night_pretrained          	[default: experiment_name]
                      ndf: 64                            
                     netD: basic                         
                     netG: unet_256                      	[default: resnet_9blocks]
                      ngf: 64                            
               no_dropout: False                         
                  no_flip: False                         
                     norm: batch                         	[default: instance]
                 num_test: 50                            
              num_threads: 4                             
                output_nc: 3                             
                    phase: test                          
               preprocess: resize_and_crop               
              results_dir: E:/Program Files/PyCharm Community Edition 2020.1.1/projects/KnnSort/Corel-1000/testMR21/1/0	[default: ./results/]
           serial_batches: False                         
                   suffix:                               
                use_wandb: False                         
                  verbose: False                         
----------------- End -------------------
dataset [SingleDataset] was created
initialize network with normal
model [TestModel] was created
loading the model from E:\Program Files\PyCharm Community Edition 2020.1.1\projects\MT tool-java\models\..\./checkpoints\day2night_pretrained\latest_net_G.pth
---------- Networks initialized -------------
[Network G] Total number of parameters : 54.414 M
-----------------------------------------------
creating web directory E:/Program Files/PyCharm Community Edition 2020.1.1/projects/KnnSort/Corel-1000/testMR21/1/0
processing (0000)-th image... ['E:/Program Files/PyCharm Community Edition 2020.1.1/projects/KnnSort/Corel-1000/test/0\\60.jpg']
processing (0005)-th image... ['E:/Program Files/PyCharm Community Edition 2020.1.1/projects/KnnSort/Corel-1000/test/0\\65.jpg']
processing (0010)-th image... ['E:/Program Files/PyCharm Community Edition 2020.1.1/projects/KnnSort/Corel-1000/test/0\\70.jpg']
processing (0015)-th image... ['E:/Program Files/PyCharm Community Edition 2020.1.1/projects/KnnSort/Corel-1000/test/0\\75.jpg']
processing (0020)-th image... ['E:/Program Files/PyCharm Community Edition 2020.1.1/projects/KnnSort/Corel-1000/test/0\\80.jpg']
processing (0025)-th image... ['E:/Program Files/PyCharm Community Edition 2020.1.1/projects/KnnSort/Corel-1000/test/0\\85.jpg']
processing (0030)-th image... ['E:/Program Files/PyCharm Community Edition 2020.1.1/projects/KnnSort/Corel-1000/test/0\\90.jpg']
processing (0035)-th image... ['E:/Program Files/PyCharm Community Edition 2020.1.1/projects/KnnSort/Corel-1000/test/0\\95.jpg']

Warning: wandb package cannot be found. The option "--use_wandb" will result in error.
Warning: wandb package cannot be found. The option "--use_wandb" will result in error.
----------------- Options ---------------
             aspect_ratio: 1.0                           
               batch_size: 1                             
          checkpoints_dir: ./checkpoints                 
                crop_size: 256                           
                 dataroot: E:/Program Files/PyCharm Community Edition 2020.1.1/projects/KnnSort/Corel-1000/test/1	[default: None]
             dataset_mode: single                        
                direction: BtoA                          	[default: AtoB]
          display_winsize: 256                           
                    epoch: latest                        
                     eval: False                         
                  gpu_ids: -1                            	[default: 0]
                init_gain: 0.02                          
                init_type: normal                        
                 input_nc: 3                             
                  isTrain: False                         	[default: None]
                load_iter: 0                             	[default: 0]
                load_size: 256                           
         max_dataset_size: inf                           
                    model: test                          
             model_suffix:                               
               n_layers_D: 3                             
                     name: day2night_pretrained          	[default: experiment_name]
                      ndf: 64                            
                     netD: basic                         
                     netG: unet_256                      	[default: resnet_9blocks]
                      ngf: 64                            
               no_dropout: False                         
                  no_flip: False                         
                     norm: batch                         	[default: instance]
                 num_test: 50                            
              num_threads: 4                             
                output_nc: 3                             
                    phase: test                          
               preprocess: resize_and_crop               
              results_dir: E:/Program Files/PyCharm Community Edition 2020.1.1/projects/KnnSort/Corel-1000/testMR21/1/1	[default: ./results/]
           serial_batches: False                         
                   suffix:                               
                use_wandb: False                         
                  verbose: False                         
----------------- End -------------------
dataset [SingleDataset] was created
initialize network with normal
model [TestModel] was created
loading the model from E:\Program Files\PyCharm Community Edition 2020.1.1\projects\MT tool-java\models\..\./checkpoints\day2night_pretrained\latest_net_G.pth
---------- Networks initialized -------------
[Network G] Total number of parameters : 54.414 M
-----------------------------------------------
creating web directory E:/Program Files/PyCharm Community Edition 2020.1.1/projects/KnnSort/Corel-1000/testMR21/1/1
processing (0000)-th image... ['E:/Program Files/PyCharm Community Edition 2020.1.1/projects/KnnSort/Corel-1000/test/1\\160.jpg']
processing (0005)-th image... ['E:/Program Files/PyCharm Community Edition 2020.1.1/projects/KnnSort/Corel-1000/test/1\\165.jpg']
processing (0010)-th image... ['E:/Program Files/PyCharm Community Edition 2020.1.1/projects/KnnSort/Corel-1000/test/1\\170.jpg']
processing (0015)-th image... ['E:/Program Files/PyCharm Community Edition 2020.1.1/projects/KnnSort/Corel-1000/test/1\\175.jpg']
processing (0020)-th image... ['E:/Program Files/PyCharm Community Edition 2020.1.1/projects/KnnSort/Corel-1000/test/1\\180.jpg']
processing (0025)-th image... ['E:/Program Files/PyCharm Community Edition 2020.1.1/projects/KnnSort/Corel-1000/test/1\\185.jpg']
processing (0030)-th image... ['E:/Program Files/PyCharm Community Edition 2020.1.1/projects/KnnSort/Corel-1000/test/1\\190.jpg']
processing (0035)-th image... ['E:/Program Files/PyCharm Community Edition 2020.1.1/projects/KnnSort/Corel-1000/test/1\\195.jpg']

Warning: wandb package cannot be found. The option "--use_wandb" will result in error.
Warning: wandb package cannot be found. The option "--use_wandb" will result in error.
----------------- Options ---------------
             aspect_ratio: 1.0                           
               batch_size: 1                             
          checkpoints_dir: ./checkpoints                 
                crop_size: 256                           
                 dataroot: E:/Program Files/PyCharm Community Edition 2020.1.1/projects/KnnSort/Corel-1000/test/2	[default: None]
             dataset_mode: single                        
                direction: BtoA                          	[default: AtoB]
          display_winsize: 256                           
                    epoch: latest                        
                     eval: False                         
                  gpu_ids: -1                            	[default: 0]
                init_gain: 0.02                          
                init_type: normal                        
                 input_nc: 3                             
                  isTrain: False                         	[default: None]
                load_iter: 0                             	[default: 0]
                load_size: 256                           
         max_dataset_size: inf                           
                    model: test                          
             model_suffix:                               
               n_layers_D: 3                             
                     name: day2night_pretrained          	[default: experiment_name]
                      ndf: 64                            
                     netD: basic                         
                     netG: unet_256                      	[default: resnet_9blocks]
                      ngf: 64                            
               no_dropout: False                         
                  no_flip: False                         
                     norm: batch                         	[default: instance]
                 num_test: 50                            
              num_threads: 4                             
                output_nc: 3                             
                    phase: test                          
               preprocess: resize_and_crop               
              results_dir: E:/Program Files/PyCharm Community Edition 2020.1.1/projects/KnnSort/Corel-1000/testMR21/1/2	[default: ./results/]
           serial_batches: False                         
                   suffix:                               
                use_wandb: False                         
                  verbose: False                         
----------------- End -------------------
dataset [SingleDataset] was created
initialize network with normal
model [TestModel] was created
loading the model from E:\Program Files\PyCharm Community Edition 2020.1.1\projects\MT tool-java\models\..\./checkpoints\day2night_pretrained\latest_net_G.pth
---------- Networks initialized -------------
[Network G] Total number of parameters : 54.414 M
-----------------------------------------------
creating web directory E:/Program Files/PyCharm Community Edition 2020.1.1/projects/KnnSort/Corel-1000/testMR21/1/2
processing (0000)-th image... ['E:/Program Files/PyCharm Community Edition 2020.1.1/projects/KnnSort/Corel-1000/test/2\\260.jpg']
processing (0005)-th image... ['E:/Program Files/PyCharm Community Edition 2020.1.1/projects/KnnSort/Corel-1000/test/2\\265.jpg']
processing (0010)-th image... ['E:/Program Files/PyCharm Community Edition 2020.1.1/projects/KnnSort/Corel-1000/test/2\\270.jpg']
processing (0015)-th image... ['E:/Program Files/PyCharm Community Edition 2020.1.1/projects/KnnSort/Corel-1000/test/2\\275.jpg']
processing (0020)-th image... ['E:/Program Files/PyCharm Community Edition 2020.1.1/projects/KnnSort/Corel-1000/test/2\\280.jpg']
processing (0025)-th image... ['E:/Program Files/PyCharm Community Edition 2020.1.1/projects/KnnSort/Corel-1000/test/2\\285.jpg']
processing (0030)-th image... ['E:/Program Files/PyCharm Community Edition 2020.1.1/projects/KnnSort/Corel-1000/test/2\\290.jpg']
processing (0035)-th image... ['E:/Program Files/PyCharm Community Edition 2020.1.1/projects/KnnSort/Corel-1000/test/2\\295.jpg']

Warning: wandb package cannot be found. The option "--use_wandb" will result in error.
Warning: wandb package cannot be found. The option "--use_wandb" will result in error.
----------------- Options ---------------
             aspect_ratio: 1.0                           
               batch_size: 1                             
          checkpoints_dir: ./checkpoints                 
                crop_size: 256                           
                 dataroot: E:/Program Files/PyCharm Community Edition 2020.1.1/projects/KnnSort/Corel-1000/test/3	[default: None]
             dataset_mode: single                        
                direction: BtoA                          	[default: AtoB]
          display_winsize: 256                           
                    epoch: latest                        
                     eval: False                         
                  gpu_ids: -1                            	[default: 0]
                init_gain: 0.02                          
                init_type: normal                        
                 input_nc: 3                             
                  isTrain: False                         	[default: None]
                load_iter: 0                             	[default: 0]
                load_size: 256                           
         max_dataset_size: inf                           
                    model: test                          
             model_suffix:                               
               n_layers_D: 3                             
                     name: day2night_pretrained          	[default: experiment_name]
                      ndf: 64                            
                     netD: basic                         
                     netG: unet_256                      	[default: resnet_9blocks]
                      ngf: 64                            
               no_dropout: False                         
                  no_flip: False                         
                     norm: batch                         	[default: instance]
                 num_test: 50                            
              num_threads: 4                             
                output_nc: 3                             
                    phase: test                          
               preprocess: resize_and_crop               
              results_dir: E:/Program Files/PyCharm Community Edition 2020.1.1/projects/KnnSort/Corel-1000/testMR21/1/3	[default: ./results/]
           serial_batches: False                         
                   suffix:                               
                use_wandb: False                         
                  verbose: False                         
----------------- End -------------------
dataset [SingleDataset] was created
initialize network with normal
model [TestModel] was created
loading the model from E:\Program Files\PyCharm Community Edition 2020.1.1\projects\MT tool-java\models\..\./checkpoints\day2night_pretrained\latest_net_G.pth
---------- Networks initialized -------------
[Network G] Total number of parameters : 54.414 M
-----------------------------------------------
creating web directory E:/Program Files/PyCharm Community Edition 2020.1.1/projects/KnnSort/Corel-1000/testMR21/1/3
processing (0000)-th image... ['E:/Program Files/PyCharm Community Edition 2020.1.1/projects/KnnSort/Corel-1000/test/3\\360.jpg']
processing (0005)-th image... ['E:/Program Files/PyCharm Community Edition 2020.1.1/projects/KnnSort/Corel-1000/test/3\\365.jpg']
processing (0010)-th image... ['E:/Program Files/PyCharm Community Edition 2020.1.1/projects/KnnSort/Corel-1000/test/3\\370.jpg']
processing (0015)-th image... ['E:/Program Files/PyCharm Community Edition 2020.1.1/projects/KnnSort/Corel-1000/test/3\\375.jpg']
processing (0020)-th image... ['E:/Program Files/PyCharm Community Edition 2020.1.1/projects/KnnSort/Corel-1000/test/3\\380.jpg']
processing (0025)-th image... ['E:/Program Files/PyCharm Community Edition 2020.1.1/projects/KnnSort/Corel-1000/test/3\\385.jpg']
processing (0030)-th image... ['E:/Program Files/PyCharm Community Edition 2020.1.1/projects/KnnSort/Corel-1000/test/3\\390.jpg']
processing (0035)-th image... ['E:/Program Files/PyCharm Community Edition 2020.1.1/projects/KnnSort/Corel-1000/test/3\\395.jpg']

Warning: wandb package cannot be found. The option "--use_wandb" will result in error.
Warning: wandb package cannot be found. The option "--use_wandb" will result in error.
----------------- Options ---------------
             aspect_ratio: 1.0                           
               batch_size: 1                             
          checkpoints_dir: ./checkpoints                 
                crop_size: 256                           
                 dataroot: E:/Program Files/PyCharm Community Edition 2020.1.1/projects/KnnSort/Corel-1000/test/4	[default: None]
             dataset_mode: single                        
                direction: BtoA                          	[default: AtoB]
          display_winsize: 256                           
                    epoch: latest                        
                     eval: False                         
                  gpu_ids: -1                            	[default: 0]
                init_gain: 0.02                          
                init_type: normal                        
                 input_nc: 3                             
                  isTrain: False                         	[default: None]
                load_iter: 0                             	[default: 0]
                load_size: 256                           
         max_dataset_size: inf                           
                    model: test                          
             model_suffix:                               
               n_layers_D: 3                             
                     name: day2night_pretrained          	[default: experiment_name]
                      ndf: 64                            
                     netD: basic                         
                     netG: unet_256                      	[default: resnet_9blocks]
                      ngf: 64                            
               no_dropout: False                         
                  no_flip: False                         
                     norm: batch                         	[default: instance]
                 num_test: 50                            
              num_threads: 4                             
                output_nc: 3                             
                    phase: test                          
               preprocess: resize_and_crop               
              results_dir: E:/Program Files/PyCharm Community Edition 2020.1.1/projects/KnnSort/Corel-1000/testMR21/1/4	[default: ./results/]
           serial_batches: False                         
                   suffix:                               
                use_wandb: False                         
                  verbose: False                         
----------------- End -------------------
dataset [SingleDataset] was created
initialize network with normal
model [TestModel] was created
loading the model from E:\Program Files\PyCharm Community Edition 2020.1.1\projects\MT tool-java\models\..\./checkpoints\day2night_pretrained\latest_net_G.pth
---------- Networks initialized -------------
[Network G] Total number of parameters : 54.414 M
-----------------------------------------------
creating web directory E:/Program Files/PyCharm Community Edition 2020.1.1/projects/KnnSort/Corel-1000/testMR21/1/4
processing (0000)-th image... ['E:/Program Files/PyCharm Community Edition 2020.1.1/projects/KnnSort/Corel-1000/test/4\\460.jpg']
processing (0005)-th image... ['E:/Program Files/PyCharm Community Edition 2020.1.1/projects/KnnSort/Corel-1000/test/4\\465.jpg']
processing (0010)-th image... ['E:/Program Files/PyCharm Community Edition 2020.1.1/projects/KnnSort/Corel-1000/test/4\\470.jpg']
processing (0015)-th image... ['E:/Program Files/PyCharm Community Edition 2020.1.1/projects/KnnSort/Corel-1000/test/4\\475.jpg']
processing (0020)-th image... ['E:/Program Files/PyCharm Community Edition 2020.1.1/projects/KnnSort/Corel-1000/test/4\\480.jpg']
processing (0025)-th image... ['E:/Program Files/PyCharm Community Edition 2020.1.1/projects/KnnSort/Corel-1000/test/4\\485.jpg']
processing (0030)-th image... ['E:/Program Files/PyCharm Community Edition 2020.1.1/projects/KnnSort/Corel-1000/test/4\\490.jpg']
processing (0035)-th image... ['E:/Program Files/PyCharm Community Edition 2020.1.1/projects/KnnSort/Corel-1000/test/4\\495.jpg']

Warning: wandb package cannot be found. The option "--use_wandb" will result in error.
Warning: wandb package cannot be found. The option "--use_wandb" will result in error.
----------------- Options ---------------
             aspect_ratio: 1.0                           
               batch_size: 1                             
          checkpoints_dir: ./checkpoints                 
                crop_size: 256                           
                 dataroot: E:/Program Files/PyCharm Community Edition 2020.1.1/projects/KnnSort/Corel-1000/test/5	[default: None]
             dataset_mode: single                        
                direction: BtoA                          	[default: AtoB]
          display_winsize: 256                           
                    epoch: latest                        
                     eval: False                         
                  gpu_ids: -1                            	[default: 0]
                init_gain: 0.02                          
                init_type: normal                        
                 input_nc: 3                             
                  isTrain: False                         	[default: None]
                load_iter: 0                             	[default: 0]
                load_size: 256                           
         max_dataset_size: inf                           
                    model: test                          
             model_suffix:                               
               n_layers_D: 3                             
                     name: day2night_pretrained          	[default: experiment_name]
                      ndf: 64                            
                     netD: basic                         
                     netG: unet_256                      	[default: resnet_9blocks]
                      ngf: 64                            
               no_dropout: False                         
                  no_flip: False                         
                     norm: batch                         	[default: instance]
                 num_test: 50                            
              num_threads: 4                             
                output_nc: 3                             
                    phase: test                          
               preprocess: resize_and_crop               
              results_dir: E:/Program Files/PyCharm Community Edition 2020.1.1/projects/KnnSort/Corel-1000/testMR21/1/5	[default: ./results/]
           serial_batches: False                         
                   suffix:                               
                use_wandb: False                         
                  verbose: False                         
----------------- End -------------------
dataset [SingleDataset] was created
initialize network with normal
model [TestModel] was created
loading the model from E:\Program Files\PyCharm Community Edition 2020.1.1\projects\MT tool-java\models\..\./checkpoints\day2night_pretrained\latest_net_G.pth
---------- Networks initialized -------------
[Network G] Total number of parameters : 54.414 M
-----------------------------------------------
creating web directory E:/Program Files/PyCharm Community Edition 2020.1.1/projects/KnnSort/Corel-1000/testMR21/1/5
processing (0000)-th image... ['E:/Program Files/PyCharm Community Edition 2020.1.1/projects/KnnSort/Corel-1000/test/5\\560.jpg']
processing (0005)-th image... ['E:/Program Files/PyCharm Community Edition 2020.1.1/projects/KnnSort/Corel-1000/test/5\\565.jpg']
processing (0010)-th image... ['E:/Program Files/PyCharm Community Edition 2020.1.1/projects/KnnSort/Corel-1000/test/5\\570.jpg']
processing (0015)-th image... ['E:/Program Files/PyCharm Community Edition 2020.1.1/projects/KnnSort/Corel-1000/test/5\\575.jpg']
processing (0020)-th image... ['E:/Program Files/PyCharm Community Edition 2020.1.1/projects/KnnSort/Corel-1000/test/5\\580.jpg']
processing (0025)-th image... ['E:/Program Files/PyCharm Community Edition 2020.1.1/projects/KnnSort/Corel-1000/test/5\\585.jpg']
processing (0030)-th image... ['E:/Program Files/PyCharm Community Edition 2020.1.1/projects/KnnSort/Corel-1000/test/5\\590.jpg']
processing (0035)-th image... ['E:/Program Files/PyCharm Community Edition 2020.1.1/projects/KnnSort/Corel-1000/test/5\\595.jpg']

Warning: wandb package cannot be found. The option "--use_wandb" will result in error.
Warning: wandb package cannot be found. The option "--use_wandb" will result in error.
----------------- Options ---------------
             aspect_ratio: 1.0                           
               batch_size: 1                             
          checkpoints_dir: ./checkpoints                 
                crop_size: 256                           
                 dataroot: E:/Program Files/PyCharm Community Edition 2020.1.1/projects/KnnSort/Corel-1000/test/6	[default: None]
             dataset_mode: single                        
                direction: BtoA                          	[default: AtoB]
          display_winsize: 256                           
                    epoch: latest                        
                     eval: False                         
                  gpu_ids: -1                            	[default: 0]
                init_gain: 0.02                          
                init_type: normal                        
                 input_nc: 3                             
                  isTrain: False                         	[default: None]
                load_iter: 0                             	[default: 0]
                load_size: 256                           
         max_dataset_size: inf                           
                    model: test                          
             model_suffix:                               
               n_layers_D: 3                             
                     name: day2night_pretrained          	[default: experiment_name]
                      ndf: 64                            
                     netD: basic                         
                     netG: unet_256                      	[default: resnet_9blocks]
                      ngf: 64                            
               no_dropout: False                         
                  no_flip: False                         
                     norm: batch                         	[default: instance]
                 num_test: 50                            
              num_threads: 4                             
                output_nc: 3                             
                    phase: test                          
               preprocess: resize_and_crop               
              results_dir: E:/Program Files/PyCharm Community Edition 2020.1.1/projects/KnnSort/Corel-1000/testMR21/1/6	[default: ./results/]
           serial_batches: False                         
                   suffix:                               
                use_wandb: False                         
                  verbose: False                         
----------------- End -------------------
dataset [SingleDataset] was created
initialize network with normal
model [TestModel] was created
loading the model from E:\Program Files\PyCharm Community Edition 2020.1.1\projects\MT tool-java\models\..\./checkpoints\day2night_pretrained\latest_net_G.pth
---------- Networks initialized -------------
[Network G] Total number of parameters : 54.414 M
-----------------------------------------------
creating web directory E:/Program Files/PyCharm Community Edition 2020.1.1/projects/KnnSort/Corel-1000/testMR21/1/6
processing (0000)-th image... ['E:/Program Files/PyCharm Community Edition 2020.1.1/projects/KnnSort/Corel-1000/test/6\\660.jpg']
processing (0005)-th image... ['E:/Program Files/PyCharm Community Edition 2020.1.1/projects/KnnSort/Corel-1000/test/6\\665.jpg']
processing (0010)-th image... ['E:/Program Files/PyCharm Community Edition 2020.1.1/projects/KnnSort/Corel-1000/test/6\\670.jpg']
processing (0015)-th image... ['E:/Program Files/PyCharm Community Edition 2020.1.1/projects/KnnSort/Corel-1000/test/6\\675.jpg']
processing (0020)-th image... ['E:/Program Files/PyCharm Community Edition 2020.1.1/projects/KnnSort/Corel-1000/test/6\\680.jpg']
processing (0025)-th image... ['E:/Program Files/PyCharm Community Edition 2020.1.1/projects/KnnSort/Corel-1000/test/6\\685.jpg']
processing (0030)-th image... ['E:/Program Files/PyCharm Community Edition 2020.1.1/projects/KnnSort/Corel-1000/test/6\\690.jpg']
processing (0035)-th image... ['E:/Program Files/PyCharm Community Edition 2020.1.1/projects/KnnSort/Corel-1000/test/6\\695.jpg']

Warning: wandb package cannot be found. The option "--use_wandb" will result in error.
Warning: wandb package cannot be found. The option "--use_wandb" will result in error.
----------------- Options ---------------
             aspect_ratio: 1.0                           
               batch_size: 1                             
          checkpoints_dir: ./checkpoints                 
                crop_size: 256                           
                 dataroot: E:/Program Files/PyCharm Community Edition 2020.1.1/projects/KnnSort/Corel-1000/test/7	[default: None]
             dataset_mode: single                        
                direction: BtoA                          	[default: AtoB]
          display_winsize: 256                           
                    epoch: latest                        
                     eval: False                         
                  gpu_ids: -1                            	[default: 0]
                init_gain: 0.02                          
                init_type: normal                        
                 input_nc: 3                             
                  isTrain: False                         	[default: None]
                load_iter: 0                             	[default: 0]
                load_size: 256                           
         max_dataset_size: inf                           
                    model: test                          
             model_suffix:                               
               n_layers_D: 3                             
                     name: day2night_pretrained          	[default: experiment_name]
                      ndf: 64                            
                     netD: basic                         
                     netG: unet_256                      	[default: resnet_9blocks]
                      ngf: 64                            
               no_dropout: False                         
                  no_flip: False                         
                     norm: batch                         	[default: instance]
                 num_test: 50                            
              num_threads: 4                             
                output_nc: 3                             
                    phase: test                          
               preprocess: resize_and_crop               
              results_dir: E:/Program Files/PyCharm Community Edition 2020.1.1/projects/KnnSort/Corel-1000/testMR21/1/7	[default: ./results/]
           serial_batches: False                         
                   suffix:                               
                use_wandb: False                         
                  verbose: False                         
----------------- End -------------------
dataset [SingleDataset] was created
initialize network with normal
model [TestModel] was created
loading the model from E:\Program Files\PyCharm Community Edition 2020.1.1\projects\MT tool-java\models\..\./checkpoints\day2night_pretrained\latest_net_G.pth
---------- Networks initialized -------------
[Network G] Total number of parameters : 54.414 M
-----------------------------------------------
creating web directory E:/Program Files/PyCharm Community Edition 2020.1.1/projects/KnnSort/Corel-1000/testMR21/1/7
processing (0000)-th image... ['E:/Program Files/PyCharm Community Edition 2020.1.1/projects/KnnSort/Corel-1000/test/7\\960.jpg']
processing (0005)-th image... ['E:/Program Files/PyCharm Community Edition 2020.1.1/projects/KnnSort/Corel-1000/test/7\\965.jpg']
processing (0010)-th image... ['E:/Program Files/PyCharm Community Edition 2020.1.1/projects/KnnSort/Corel-1000/test/7\\970.jpg']
processing (0015)-th image... ['E:/Program Files/PyCharm Community Edition 2020.1.1/projects/KnnSort/Corel-1000/test/7\\975.jpg']
processing (0020)-th image... ['E:/Program Files/PyCharm Community Edition 2020.1.1/projects/KnnSort/Corel-1000/test/7\\980.jpg']
processing (0025)-th image... ['E:/Program Files/PyCharm Community Edition 2020.1.1/projects/KnnSort/Corel-1000/test/7\\985.jpg']
processing (0030)-th image... ['E:/Program Files/PyCharm Community Edition 2020.1.1/projects/KnnSort/Corel-1000/test/7\\990.jpg']
processing (0035)-th image... ['E:/Program Files/PyCharm Community Edition 2020.1.1/projects/KnnSort/Corel-1000/test/7\\995.jpg']

Warning: wandb package cannot be found. The option "--use_wandb" will result in error.
Warning: wandb package cannot be found. The option "--use_wandb" will result in error.
----------------- Options ---------------
             aspect_ratio: 1.0                           
               batch_size: 1                             
          checkpoints_dir: ./checkpoints                 
                crop_size: 256                           
                 dataroot: E:/Program Files/PyCharm Community Edition 2020.1.1/projects/KnnSort/Corel-1000/test/8	[default: None]
             dataset_mode: single                        
                direction: BtoA                          	[default: AtoB]
          display_winsize: 256                           
                    epoch: latest                        
                     eval: False                         
                  gpu_ids: -1                            	[default: 0]
                init_gain: 0.02                          
                init_type: normal                        
                 input_nc: 3                             
                  isTrain: False                         	[default: None]
                load_iter: 0                             	[default: 0]
                load_size: 256                           
         max_dataset_size: inf                           
                    model: test                          
             model_suffix:                               
               n_layers_D: 3                             
                     name: day2night_pretrained          	[default: experiment_name]
                      ndf: 64                            
                     netD: basic                         
                     netG: unet_256                      	[default: resnet_9blocks]
                      ngf: 64                            
               no_dropout: False                         
                  no_flip: False                         
                     norm: batch                         	[default: instance]
                 num_test: 50                            
              num_threads: 4                             
                output_nc: 3                             
                    phase: test                          
               preprocess: resize_and_crop               
              results_dir: E:/Program Files/PyCharm Community Edition 2020.1.1/projects/KnnSort/Corel-1000/testMR21/1/8	[default: ./results/]
           serial_batches: False                         
                   suffix:                               
                use_wandb: False                         
                  verbose: False                         
----------------- End -------------------
dataset [SingleDataset] was created
initialize network with normal
model [TestModel] was created
loading the model from E:\Program Files\PyCharm Community Edition 2020.1.1\projects\MT tool-java\models\..\./checkpoints\day2night_pretrained\latest_net_G.pth
---------- Networks initialized -------------
[Network G] Total number of parameters : 54.414 M
-----------------------------------------------
creating web directory E:/Program Files/PyCharm Community Edition 2020.1.1/projects/KnnSort/Corel-1000/testMR21/1/8
processing (0000)-th image... ['E:/Program Files/PyCharm Community Edition 2020.1.1/projects/KnnSort/Corel-1000/test/8\\760.jpg']
processing (0005)-th image... ['E:/Program Files/PyCharm Community Edition 2020.1.1/projects/KnnSort/Corel-1000/test/8\\765.jpg']
processing (0010)-th image... ['E:/Program Files/PyCharm Community Edition 2020.1.1/projects/KnnSort/Corel-1000/test/8\\770.jpg']
processing (0015)-th image... ['E:/Program Files/PyCharm Community Edition 2020.1.1/projects/KnnSort/Corel-1000/test/8\\775.jpg']
processing (0020)-th image... ['E:/Program Files/PyCharm Community Edition 2020.1.1/projects/KnnSort/Corel-1000/test/8\\780.jpg']
processing (0025)-th image... ['E:/Program Files/PyCharm Community Edition 2020.1.1/projects/KnnSort/Corel-1000/test/8\\785.jpg']
processing (0030)-th image... ['E:/Program Files/PyCharm Community Edition 2020.1.1/projects/KnnSort/Corel-1000/test/8\\790.jpg']
processing (0035)-th image... ['E:/Program Files/PyCharm Community Edition 2020.1.1/projects/KnnSort/Corel-1000/test/8\\795.jpg']

Warning: wandb package cannot be found. The option "--use_wandb" will result in error.
Warning: wandb package cannot be found. The option "--use_wandb" will result in error.
----------------- Options ---------------
             aspect_ratio: 1.0                           
               batch_size: 1                             
          checkpoints_dir: ./checkpoints                 
                crop_size: 256                           
                 dataroot: E:/Program Files/PyCharm Community Edition 2020.1.1/projects/KnnSort/Corel-1000/test/9	[default: None]
             dataset_mode: single                        
                direction: BtoA                          	[default: AtoB]
          display_winsize: 256                           
                    epoch: latest                        
                     eval: False                         
                  gpu_ids: -1                            	[default: 0]
                init_gain: 0.02                          
                init_type: normal                        
                 input_nc: 3                             
                  isTrain: False                         	[default: None]
                load_iter: 0                             	[default: 0]
                load_size: 256                           
         max_dataset_size: inf                           
                    model: test                          
             model_suffix:                               
               n_layers_D: 3                             
                     name: day2night_pretrained          	[default: experiment_name]
                      ndf: 64                            
                     netD: basic                         
                     netG: unet_256                      	[default: resnet_9blocks]
                      ngf: 64                            
               no_dropout: False                         
                  no_flip: False                         
                     norm: batch                         	[default: instance]
                 num_test: 50                            
              num_threads: 4                             
                output_nc: 3                             
                    phase: test                          
               preprocess: resize_and_crop               
              results_dir: E:/Program Files/PyCharm Community Edition 2020.1.1/projects/KnnSort/Corel-1000/testMR21/1/9	[default: ./results/]
           serial_batches: False                         
                   suffix:                               
                use_wandb: False                         
                  verbose: False                         
----------------- End -------------------
dataset [SingleDataset] was created
initialize network with normal
model [TestModel] was created
loading the model from E:\Program Files\PyCharm Community Edition 2020.1.1\projects\MT tool-java\models\..\./checkpoints\day2night_pretrained\latest_net_G.pth
---------- Networks initialized -------------
[Network G] Total number of parameters : 54.414 M
-----------------------------------------------
creating web directory E:/Program Files/PyCharm Community Edition 2020.1.1/projects/KnnSort/Corel-1000/testMR21/1/9
processing (0000)-th image... ['E:/Program Files/PyCharm Community Edition 2020.1.1/projects/KnnSort/Corel-1000/test/9\\860.jpg']
processing (0005)-th image... ['E:/Program Files/PyCharm Community Edition 2020.1.1/projects/KnnSort/Corel-1000/test/9\\865.jpg']
processing (0010)-th image... ['E:/Program Files/PyCharm Community Edition 2020.1.1/projects/KnnSort/Corel-1000/test/9\\870.jpg']
processing (0015)-th image... ['E:/Program Files/PyCharm Community Edition 2020.1.1/projects/KnnSort/Corel-1000/test/9\\875.jpg']
processing (0020)-th image... ['E:/Program Files/PyCharm Community Edition 2020.1.1/projects/KnnSort/Corel-1000/test/9\\880.jpg']
processing (0025)-th image... ['E:/Program Files/PyCharm Community Edition 2020.1.1/projects/KnnSort/Corel-1000/test/9\\885.jpg']
processing (0030)-th image... ['E:/Program Files/PyCharm Community Edition 2020.1.1/projects/KnnSort/Corel-1000/test/9\\890.jpg']
processing (0035)-th image... ['E:/Program Files/PyCharm Community Edition 2020.1.1/projects/KnnSort/Corel-1000/test/9\\895.jpg']

Verifying Two Output：Test Case 1 FAILED！！！
Verifying Two Output：Test Case 2 PASSED
Verifying Two Output：Test Case 3 FAILED！！！
Verifying Two Output：Test Case 4 FAILED！！！
Verifying Two Output：Test Case 5 FAILED！！！
Verifying Two Output：Test Case 6 FAILED！！！
Verifying Two Output：Test Case 7 PASSED
Verifying Two Output：Test Case 8 FAILED！！！
Verifying Two Output：Test Case 9 FAILED！！！
Verifying Two Output：Test Case 10 FAILED！！！
Verifying Two Output：Test Case 11 PASSED
Verifying Two Output：Test Case 12 FAILED！！！
Verifying Two Output：Test Case 13 FAILED！！！
Verifying Two Output：Test Case 14 FAILED！！！
Verifying Two Output：Test Case 15 PASSED
Verifying Two Output：Test Case 16 FAILED！！！
Verifying Two Output：Test Case 17 PASSED
Verifying Two Output：Test Case 18 FAILED！！！
Verifying Two Output：Test Case 19 FAILED！！！
Verifying Two Output：Test Case 20 FAILED！！！
Verifying Two Output：Test Case 21 FAILED！！！
Verifying Two Output：Test Case 22 FAILED！！！
Verifying Two Output：Test Case 23 FAILED！！！
Verifying Two Output：Test Case 24 PASSED
Verifying Two Output：Test Case 25 FAILED！！！
Verifying Two Output：Test Case 26 FAILED！！！
Verifying Two Output：Test Case 27 FAILED！！！
Verifying Two Output：Test Case 28 FAILED！！！
Verifying Two Output：Test Case 29 PASSED
Verifying Two Output：Test Case 30 FAILED！！！
Verifying Two Output：Test Case 31 FAILED！！！
Verifying Two Output：Test Case 32 PASSED
Verifying Two Output：Test Case 33 FAILED！！！
Verifying Two Output：Test Case 34 FAILED！！！
Verifying Two Output：Test Case 35 FAILED！！！
Verifying Two Output：Test Case 36 PASSED
Verifying Two Output：Test Case 37 FAILED！！！
Verifying Two Output：Test Case 38 PASSED
Verifying Two Output：Test Case 39 FAILED！！！
Verifying Two Output：Test Case 40 FAILED！！！
Verifying Two Output：Test Case 41 FAILED！！！
Verifying Two Output：Test Case 42 FAILED！！！
Verifying Two Output：Test Case 43 FAILED！！！
Verifying Two Output：Test Case 44 FAILED！！！
Verifying Two Output：Test Case 45 FAILED！！！
Verifying Two Output：Test Case 46 FAILED！！！
Verifying Two Output：Test Case 47 FAILED！！！
Verifying Two Output：Test Case 48 FAILED！！！
Verifying Two Output：Test Case 49 FAILED！！！
Verifying Two Output：Test Case 50 FAILED！！！
Verifying Two Output：Test Case 51 FAILED！！！
Verifying Two Output：Test Case 52 FAILED！！！
Verifying Two Output：Test Case 53 FAILED！！！
Verifying Two Output：Test Case 54 FAILED！！！
Verifying Two Output：Test Case 55 FAILED！！！
Verifying Two Output：Test Case 56 FAILED！！！
Verifying Two Output：Test Case 57 FAILED！！！
Verifying Two Output：Test Case 58 FAILED！！！
Verifying Two Output：Test Case 59 FAILED！！！
Verifying Two Output：Test Case 60 FAILED！！！
Verifying Two Output：Test Case 61 FAILED！！！
Verifying Two Output：Test Case 62 FAILED！！！
Verifying Two Output：Test Case 63 FAILED！！！
Verifying Two Output：Test Case 64 PASSED
Verifying Two Output：Test Case 65 FAILED！！！
Verifying Two Output：Test Case 66 FAILED！！！
Verifying Two Output：Test Case 67 FAILED！！！
Verifying Two Output：Test Case 68 FAILED！！！
Verifying Two Output：Test Case 69 FAILED！！！
Verifying Two Output：Test Case 70 FAILED！！！
Verifying Two Output：Test Case 71 FAILED！！！
Verifying Two Output：Test Case 72 FAILED！！！
Verifying Two Output：Test Case 73 FAILED！！！
Verifying Two Output：Test Case 74 FAILED！！！
Verifying Two Output：Test Case 75 FAILED！！！
Verifying Two Output：Test Case 76 FAILED！！！
Verifying Two Output：Test Case 77 FAILED！！！
Verifying Two Output：Test Case 78 FAILED！！！
Verifying Two Output：Test Case 79 FAILED！！！
Verifying Two Output：Test Case 80 FAILED！！！
Verifying Two Output：Test Case 81 FAILED！！！
Verifying Two Output：Test Case 82 FAILED！！！
Verifying Two Output：Test Case 83 FAILED！！！
Verifying Two Output：Test Case 84 FAILED！！！
Verifying Two Output：Test Case 85 FAILED！！！
Verifying Two Output：Test Case 86 FAILED！！！
Verifying Two Output：Test Case 87 FAILED！！！
Verifying Two Output：Test Case 88 FAILED！！！
Verifying Two Output：Test Case 89 FAILED！！！
Verifying Two Output：Test Case 90 FAILED！！！
Verifying Two Output：Test Case 91 FAILED！！！
Verifying Two Output：Test Case 92 FAILED！！！
Verifying Two Output：Test Case 93 FAILED！！！
Verifying Two Output：Test Case 94 FAILED！！！
Verifying Two Output：Test Case 95 FAILED！！！
Verifying Two Output：Test Case 96 FAILED！！！
Verifying Two Output：Test Case 97 FAILED！！！
Verifying Two Output：Test Case 98 FAILED！！！
Verifying Two Output：Test Case 99 FAILED！！！
Verifying Two Output：Test Case 100 FAILED！！！
Verifying Two Output：Test Case 101 FAILED！！！
Verifying Two Output：Test Case 102 FAILED！！！
Verifying Two Output：Test Case 103 FAILED！！！
Verifying Two Output：Test Case 104 PASSED
Verifying Two Output：Test Case 105 FAILED！！！
Verifying Two Output：Test Case 106 FAILED！！！
Verifying Two Output：Test Case 107 FAILED！！！
Verifying Two Output：Test Case 108 FAILED！！！
Verifying Two Output：Test Case 109 FAILED！！！
Verifying Two Output：Test Case 110 FAILED！！！
Verifying Two Output：Test Case 111 FAILED！！！
Verifying Two Output：Test Case 112 PASSED
Verifying Two Output：Test Case 113 FAILED！！！
Verifying Two Output：Test Case 114 FAILED！！！
Verifying Two Output：Test Case 115 FAILED！！！
Verifying Two Output：Test Case 116 FAILED！！！
Verifying Two Output：Test Case 117 FAILED！！！
Verifying Two Output：Test Case 118 FAILED！！！
Verifying Two Output：Test Case 119 FAILED！！！
Verifying Two Output：Test Case 120 FAILED！！！
Verifying Two Output：Test Case 121 FAILED！！！
Verifying Two Output：Test Case 122 FAILED！！！
Verifying Two Output：Test Case 123 FAILED！！！
Verifying Two Output：Test Case 124 FAILED！！！
Verifying Two Output：Test Case 125 FAILED！！！
Verifying Two Output：Test Case 126 FAILED！！！
Verifying Two Output：Test Case 127 FAILED！！！
Verifying Two Output：Test Case 128 FAILED！！！
Verifying Two Output：Test Case 129 FAILED！！！
Verifying Two Output：Test Case 130 FAILED！！！
Verifying Two Output：Test Case 131 FAILED！！！
Verifying Two Output：Test Case 132 FAILED！！！
Verifying Two Output：Test Case 133 FAILED！！！
Verifying Two Output：Test Case 134 FAILED！！！
Verifying Two Output：Test Case 135 FAILED！！！
Verifying Two Output：Test Case 136 FAILED！！！
Verifying Two Output：Test Case 137 FAILED！！！
Verifying Two Output：Test Case 138 FAILED！！！
Verifying Two Output：Test Case 139 FAILED！！！
Verifying Two Output：Test Case 140 FAILED！！！
Verifying Two Output：Test Case 141 FAILED！！！
Verifying Two Output：Test Case 142 FAILED！！！
Verifying Two Output：Test Case 143 FAILED！！！
Verifying Two Output：Test Case 144 FAILED！！！
Verifying Two Output：Test Case 145 FAILED！！！
Verifying Two Output：Test Case 146 FAILED！！！
Verifying Two Output：Test Case 147 FAILED！！！
Verifying Two Output：Test Case 148 FAILED！！！
Verifying Two Output：Test Case 149 FAILED！！！
Verifying Two Output：Test Case 150 FAILED！！！
Verifying Two Output：Test Case 151 FAILED！！！
Verifying Two Output：Test Case 152 FAILED！！！
Verifying Two Output：Test Case 153 FAILED！！！
Verifying Two Output：Test Case 154 FAILED！！！
Verifying Two Output：Test Case 155 FAILED！！！
Verifying Two Output：Test Case 156 FAILED！！！
Verifying Two Output：Test Case 157 FAILED！！！
Verifying Two Output：Test Case 158 FAILED！！！
Verifying Two Output：Test Case 159 PASSED
Verifying Two Output：Test Case 160 FAILED！！！
Verifying Two Output：Test Case 161 FAILED！！！
Verifying Two Output：Test Case 162 FAILED！！！
Verifying Two Output：Test Case 163 FAILED！！！
Verifying Two Output：Test Case 164 FAILED！！！
Verifying Two Output：Test Case 165 FAILED！！！
Verifying Two Output：Test Case 166 FAILED！！！
Verifying Two Output：Test Case 167 FAILED！！！
Verifying Two Output：Test Case 168 FAILED！！！
Verifying Two Output：Test Case 169 FAILED！！！
Verifying Two Output：Test Case 170 FAILED！！！
Verifying Two Output：Test Case 171 FAILED！！！
Verifying Two Output：Test Case 172 FAILED！！！
Verifying Two Output：Test Case 173 FAILED！！！
Verifying Two Output：Test Case 174 FAILED！！！
Verifying Two Output：Test Case 175 FAILED！！！
Verifying Two Output：Test Case 176 FAILED！！！
Verifying Two Output：Test Case 177 FAILED！！！
Verifying Two Output：Test Case 178 FAILED！！！
Verifying Two Output：Test Case 179 FAILED！！！
Verifying Two Output：Test Case 180 FAILED！！！
Verifying Two Output：Test Case 181 FAILED！！！
Verifying Two Output：Test Case 182 FAILED！！！
Verifying Two Output：Test Case 183 FAILED！！！
Verifying Two Output：Test Case 184 FAILED！！！
Verifying Two Output：Test Case 185 FAILED！！！
Verifying Two Output：Test Case 186 FAILED！！！
Verifying Two Output：Test Case 187 FAILED！！！
Verifying Two Output：Test Case 188 FAILED！！！
Verifying Two Output：Test Case 189 FAILED！！！
Verifying Two Output：Test Case 190 FAILED！！！
Verifying Two Output：Test Case 191 FAILED！！！
Verifying Two Output：Test Case 192 FAILED！！！
Verifying Two Output：Test Case 193 FAILED！！！
Verifying Two Output：Test Case 194 FAILED！！！
Verifying Two Output：Test Case 195 FAILED！！！
Verifying Two Output：Test Case 196 FAILED！！！
Verifying Two Output：Test Case 197 FAILED！！！
Verifying Two Output：Test Case 198 FAILED！！！
Verifying Two Output：Test Case 199 FAILED！！！
Verifying Two Output：Test Case 200 FAILED！！！
Verifying Two Output：Test Case 201 FAILED！！！
Verifying Two Output：Test Case 202 FAILED！！！
Verifying Two Output：Test Case 203 FAILED！！！
Verifying Two Output：Test Case 204 FAILED！！！
Verifying Two Output：Test Case 205 FAILED！！！
Verifying Two Output：Test Case 206 FAILED！！！
Verifying Two Output：Test Case 207 PASSED
Verifying Two Output：Test Case 208 FAILED！！！
Verifying Two Output：Test Case 209 FAILED！！！
Verifying Two Output：Test Case 210 FAILED！！！
Verifying Two Output：Test Case 211 FAILED！！！
Verifying Two Output：Test Case 212 FAILED！！！
Verifying Two Output：Test Case 213 FAILED！！！
Verifying Two Output：Test Case 214 FAILED！！！
Verifying Two Output：Test Case 215 FAILED！！！
Verifying Two Output：Test Case 216 FAILED！！！
Verifying Two Output：Test Case 217 PASSED
Verifying Two Output：Test Case 218 FAILED！！！
Verifying Two Output：Test Case 219 FAILED！！！
Verifying Two Output：Test Case 220 FAILED！！！
Verifying Two Output：Test Case 221 FAILED！！！
Verifying Two Output：Test Case 222 FAILED！！！
Verifying Two Output：Test Case 223 FAILED！！！
Verifying Two Output：Test Case 224 FAILED！！！
Verifying Two Output：Test Case 225 FAILED！！！
Verifying Two Output：Test Case 226 FAILED！！！
Verifying Two Output：Test Case 227 FAILED！！！
Verifying Two Output：Test Case 228 FAILED！！！
Verifying Two Output：Test Case 229 FAILED！！！
Verifying Two Output：Test Case 230 FAILED！！！
Verifying Two Output：Test Case 231 FAILED！！！
Verifying Two Output：Test Case 232 FAILED！！！
Verifying Two Output：Test Case 233 FAILED！！！
Verifying Two Output：Test Case 234 FAILED！！！
Verifying Two Output：Test Case 235 FAILED！！！
Verifying Two Output：Test Case 236 FAILED！！！
Verifying Two Output：Test Case 237 FAILED！！！
Verifying Two Output：Test Case 238 FAILED！！！
Verifying Two Output：Test Case 239 FAILED！！！
Verifying Two Output：Test Case 240 FAILED！！！
Verifying Two Output：Test Case 241 PASSED
Verifying Two Output：Test Case 242 PASSED
Verifying Two Output：Test Case 243 FAILED！！！
Verifying Two Output：Test Case 244 PASSED
Verifying Two Output：Test Case 245 PASSED
Verifying Two Output：Test Case 246 FAILED！！！
Verifying Two Output：Test Case 247 FAILED！！！
Verifying Two Output：Test Case 248 FAILED！！！
Verifying Two Output：Test Case 249 FAILED！！！
Verifying Two Output：Test Case 250 FAILED！！！
Verifying Two Output：Test Case 251 FAILED！！！
Verifying Two Output：Test Case 252 PASSED
Verifying Two Output：Test Case 253 FAILED！！！
Verifying Two Output：Test Case 254 PASSED
Verifying Two Output：Test Case 255 FAILED！！！
Verifying Two Output：Test Case 256 FAILED！！！
Verifying Two Output：Test Case 257 FAILED！！！
Verifying Two Output：Test Case 258 FAILED！！！
Verifying Two Output：Test Case 259 FAILED！！！
Verifying Two Output：Test Case 260 PASSED
Verifying Two Output：Test Case 261 PASSED
Verifying Two Output：Test Case 262 FAILED！！！
Verifying Two Output：Test Case 263 FAILED！！！
Verifying Two Output：Test Case 264 FAILED！！！
Verifying Two Output：Test Case 265 FAILED！！！
Verifying Two Output：Test Case 266 FAILED！！！
Verifying Two Output：Test Case 267 PASSED
Verifying Two Output：Test Case 268 FAILED！！！
Verifying Two Output：Test Case 269 FAILED！！！
Verifying Two Output：Test Case 270 FAILED！！！
Verifying Two Output：Test Case 271 FAILED！！！
Verifying Two Output：Test Case 272 PASSED
Verifying Two Output：Test Case 273 PASSED
Verifying Two Output：Test Case 274 PASSED
Verifying Two Output：Test Case 275 FAILED！！！
Verifying Two Output：Test Case 276 FAILED！！！
Verifying Two Output：Test Case 277 FAILED！！！
Verifying Two Output：Test Case 278 FAILED！！！
Verifying Two Output：Test Case 279 PASSED
Verifying Two Output：Test Case 280 FAILED！！！
Verifying Two Output：Test Case 281 FAILED！！！
Verifying Two Output：Test Case 282 FAILED！！！
Verifying Two Output：Test Case 283 FAILED！！！
Verifying Two Output：Test Case 284 FAILED！！！
Verifying Two Output：Test Case 285 FAILED！！！
Verifying Two Output：Test Case 286 FAILED！！！
Verifying Two Output：Test Case 287 FAILED！！！
Verifying Two Output：Test Case 288 FAILED！！！
Verifying Two Output：Test Case 289 PASSED
Verifying Two Output：Test Case 290 FAILED！！！
Verifying Two Output：Test Case 291 FAILED！！！
Verifying Two Output：Test Case 292 FAILED！！！
Verifying Two Output：Test Case 293 FAILED！！！
Verifying Two Output：Test Case 294 PASSED
Verifying Two Output：Test Case 295 FAILED！！！
Verifying Two Output：Test Case 296 FAILED！！！
Verifying Two Output：Test Case 297 FAILED！！！
Verifying Two Output：Test Case 298 FAILED！！！
Verifying Two Output：Test Case 299 PASSED
Verifying Two Output：Test Case 300 FAILED！！！
Verifying Two Output：Test Case 301 FAILED！！！
Verifying Two Output：Test Case 302 FAILED！！！
Verifying Two Output：Test Case 303 FAILED！！！
Verifying Two Output：Test Case 304 FAILED！！！
Verifying Two Output：Test Case 305 FAILED！！！
Verifying Two Output：Test Case 306 FAILED！！！
Verifying Two Output：Test Case 307 FAILED！！！
Verifying Two Output：Test Case 308 FAILED！！！
Verifying Two Output：Test Case 309 FAILED！！！
Verifying Two Output：Test Case 310 FAILED！！！
Verifying Two Output：Test Case 311 FAILED！！！
Verifying Two Output：Test Case 312 FAILED！！！
Verifying Two Output：Test Case 313 FAILED！！！
Verifying Two Output：Test Case 314 FAILED！！！
Verifying Two Output：Test Case 315 PASSED
Verifying Two Output：Test Case 316 FAILED！！！
Verifying Two Output：Test Case 317 FAILED！！！
Verifying Two Output：Test Case 318 FAILED！！！
Verifying Two Output：Test Case 319 FAILED！！！
Verifying Two Output：Test Case 320 FAILED！！！
Verifying Two Output：Test Case 321 FAILED！！！
Verifying Two Output：Test Case 322 FAILED！！！
Verifying Two Output：Test Case 323 PASSED
Verifying Two Output：Test Case 324 FAILED！！！
Verifying Two Output：Test Case 325 PASSED
Verifying Two Output：Test Case 326 FAILED！！！
Verifying Two Output：Test Case 327 FAILED！！！
Verifying Two Output：Test Case 328 FAILED！！！
Verifying Two Output：Test Case 329 FAILED！！！
Verifying Two Output：Test Case 330 FAILED！！！
Verifying Two Output：Test Case 331 PASSED
Verifying Two Output：Test Case 332 FAILED！！！
Verifying Two Output：Test Case 333 PASSED
Verifying Two Output：Test Case 334 PASSED
Verifying Two Output：Test Case 335 PASSED
Verifying Two Output：Test Case 336 FAILED！！！
Verifying Two Output：Test Case 337 FAILED！！！
Verifying Two Output：Test Case 338 PASSED
Verifying Two Output：Test Case 339 PASSED
Verifying Two Output：Test Case 340 FAILED！！！
Verifying Two Output：Test Case 341 FAILED！！！
Verifying Two Output：Test Case 342 FAILED！！！
Verifying Two Output：Test Case 343 FAILED！！！
Verifying Two Output：Test Case 344 FAILED！！！
Verifying Two Output：Test Case 345 FAILED！！！
Verifying Two Output：Test Case 346 PASSED
Verifying Two Output：Test Case 347 FAILED！！！
Verifying Two Output：Test Case 348 PASSED
Verifying Two Output：Test Case 349 FAILED！！！
Verifying Two Output：Test Case 350 FAILED！！！
Verifying Two Output：Test Case 351 FAILED！！！
Verifying Two Output：Test Case 352 PASSED
Verifying Two Output：Test Case 353 FAILED！！！
Verifying Two Output：Test Case 354 FAILED！！！
Verifying Two Output：Test Case 355 FAILED！！！
Verifying Two Output：Test Case 356 PASSED
Verifying Two Output：Test Case 357 PASSED
Verifying Two Output：Test Case 358 FAILED！！！
Verifying Two Output：Test Case 359 FAILED！！！
Verifying Two Output：Test Case 360 PASSED
Verifying Two Output：Test Case 361 FAILED！！！
Verifying Two Output：Test Case 362 FAILED！！！
Verifying Two Output：Test Case 363 FAILED！！！
Verifying Two Output：Test Case 364 FAILED！！！
Verifying Two Output：Test Case 365 FAILED！！！
Verifying Two Output：Test Case 366 FAILED！！！
Verifying Two Output：Test Case 367 FAILED！！！
Verifying Two Output：Test Case 368 FAILED！！！
Verifying Two Output：Test Case 369 FAILED！！！
Verifying Two Output：Test Case 370 FAILED！！！
Verifying Two Output：Test Case 371 FAILED！！！
Verifying Two Output：Test Case 372 FAILED！！！
Verifying Two Output：Test Case 373 FAILED！！！
Verifying Two Output：Test Case 374 FAILED！！！
Verifying Two Output：Test Case 375 FAILED！！！
Verifying Two Output：Test Case 376 FAILED！！！
Verifying Two Output：Test Case 377 FAILED！！！
Verifying Two Output：Test Case 378 FAILED！！！
Verifying Two Output：Test Case 379 FAILED！！！
Verifying Two Output：Test Case 380 FAILED！！！
Verifying Two Output：Test Case 381 FAILED！！！
Verifying Two Output：Test Case 382 FAILED！！！
Verifying Two Output：Test Case 383 FAILED！！！
Verifying Two Output：Test Case 384 FAILED！！！
Verifying Two Output：Test Case 385 FAILED！！！
Verifying Two Output：Test Case 386 FAILED！！！
Verifying Two Output：Test Case 387 FAILED！！！
Verifying Two Output：Test Case 388 FAILED！！！
Verifying Two Output：Test Case 389 PASSED
Verifying Two Output：Test Case 390 FAILED！！！
Verifying Two Output：Test Case 391 FAILED！！！
Verifying Two Output：Test Case 392 FAILED！！！
Verifying Two Output：Test Case 393 FAILED！！！
Verifying Two Output：Test Case 394 FAILED！！！
Verifying Two Output：Test Case 395 FAILED！！！
Verifying Two Output：Test Case 396 FAILED！！！
Verifying Two Output：Test Case 397 FAILED！！！
Verifying Two Output：Test Case 398 FAILED！！！
Verifying Two Output：Test Case 399 PASSED
Verifying Two Output：Test Case 400 FAILED！！！

Test Result
Number of Test Case：400
Error Number of Test Case：351
Error Rate：0.8775
